16:02:50.593 From karate-config file 
16:02:50.687 [print] c =  30.0
16:02:50.703 END of the Test 3 
16:02:50.703 after scenario inside config 
16:02:50.718 From karate-config file 
16:02:50.828 [print] <info>
  <id>101</id>
  <tool>
    <name>Karate</name>
    <version>0.9.6</version>
  </tool>
</info>

16:02:50.828 [print]
16:02:50.828 [print] 101
16:02:50.843 [print] Karate
16:02:50.843 after scenario inside config 
16:02:50.843 From karate-config file 
16:02:50.890 after scenario inside config 
16:02:50.890 From karate-config file 
16:02:50.906 after scenario inside config 
16:02:50.937 From karate-config file 
16:02:51.125 request:
1 > POST https://www.w3schools.com/xml/tempconvert.asmx/CelsiusToFahrenheit
1 > Accept-Encoding: gzip,deflate
1 > Connection: Keep-Alive
1 > Content-Length: 10
1 > Content-Type: application/x-www-form-urlencoded; charset=UTF-8
1 > Host: www.w3schools.com
1 > User-Agent: Apache-HttpClient/4.5.12 (Java/1.8.0_251)
Celsius=40

16:02:51.625 response time in milliseconds: 497.32
1 < 200
1 < Cache-Control: private, max-age=0,public
1 < Content-Type: text/xml; charset=utf-8
1 < Date: Fri, 05 Feb 2021 10:24:40 GMT
1 < Server: Microsoft-IIS/7.5
1 < Vary: Accept-Encoding
1 < X-AspNet-Version: 4.0.30319
1 < X-Frame-Options: SAMEORIGIN
1 < X-Powered-By: ASP.NET
<?xml version="1.0" encoding="utf-8"?>
<string xmlns="https://www.w3schools.com/xml/">104</string>

16:02:51.625 [print] {
  "Cache-Control": [
    "private, max-age=0,public"
  ],
  "Content-Type": [
    "text/xml; charset=utf-8"
  ],
  "Date": [
    "Fri, 05 Feb 2021 10:24:40 GMT"
  ],
  "Server": [
    "Microsoft-IIS/7.5"
  ],
  "Vary": [
    "Accept-Encoding"
  ],
  "X-AspNet-Version": [
    "4.0.30319"
  ],
  "X-Frame-Options": [
    "SAMEORIGIN"
  ],
  "X-Powered-By": [
    "ASP.NET"
  ]
}

16:02:51.656 [print] xml
16:02:51.656 [print] 497
16:02:51.656 [print] <string xmlns="https://www.w3schools.com/xml/">104</string>

16:02:51.671 after scenario inside config 
16:02:51.671 From karate-config file 
16:02:51.687 [print] After assert
16:02:51.687 after scenario inside config 
16:02:51.734 From karate-config file 
16:02:51.749 after scenario inside config 
16:02:51.765 From karate-config file 
16:02:51.781 request:
1 > POST https://www.w3schools.com/xml/tempconvert.asmx
1 > Accept-Encoding: gzip,deflate
1 > Connection: Keep-Alive
1 > Content-Length: 359
1 > Content-Type: text/xml; charset=UTF-8
1 > Host: www.w3schools.com
1 > SOAPAction: https://www.w3schools.com/xml/CelsiusToFahrenheit
1 > User-Agent: Apache-HttpClient/4.5.12 (Java/1.8.0_251)
<soap:Envelope xmlns:soap="http://schemas.xmlsoap.org/soap/envelope/" xmlns:xsd="http://www.w3.org/2001/XMLSchema" xmlns:xsi="http://www.w3.org/2001/XMLSchema-instance">
    <soap:Body>
        <CelsiusToFahrenheit xmlns="https://www.w3schools.com/xml/">
            <Celsius>37</Celsius>
        </CelsiusToFahrenheit>
    </soap:Body>
</soap:Envelope>

16:02:52.093 response time in milliseconds: 308.73
1 < 200
1 < Cache-Control: private, max-age=0,public
1 < Content-Type: text/xml; charset=utf-8
1 < Date: Fri, 05 Feb 2021 10:24:41 GMT
1 < Server: Microsoft-IIS/7.5
1 < Vary: Accept-Encoding
1 < X-AspNet-Version: 4.0.30319
1 < X-Frame-Options: SAMEORIGIN
1 < X-Powered-By: ASP.NET
<?xml version="1.0" encoding="utf-8"?><soap:Envelope xmlns:soap="http://schemas.xmlsoap.org/soap/envelope/" xmlns:xsi="http://www.w3.org/2001/XMLSchema-instance" xmlns:xsd="http://www.w3.org/2001/XMLSchema"><soap:Body><CelsiusToFahrenheitResponse xmlns="https://www.w3schools.com/xml/"><CelsiusToFahrenheitResult>98.6</CelsiusToFahrenheitResult></CelsiusToFahrenheitResponse></soap:Body></soap:Envelope>

16:02:52.093 [print] {
  "Cache-Control": [
    "private, max-age=0,public"
  ],
  "Content-Type": [
    "text/xml; charset=utf-8"
  ],
  "Date": [
    "Fri, 05 Feb 2021 10:24:41 GMT"
  ],
  "Server": [
    "Microsoft-IIS/7.5"
  ],
  "Vary": [
    "Accept-Encoding"
  ],
  "X-AspNet-Version": [
    "4.0.30319"
  ],
  "X-Frame-Options": [
    "SAMEORIGIN"
  ],
  "X-Powered-By": [
    "ASP.NET"
  ]
}

16:02:52.093 [print] [
  "Microsoft-IIS/7.5"
]

16:02:52.093 [print] Microsoft-IIS/7.5
16:02:52.093 [print] xml
16:02:52.109 [print] <soap:Envelope xmlns:soap="http://schemas.xmlsoap.org/soap/envelope/" xmlns:xsd="http://www.w3.org/2001/XMLSchema" xmlns:xsi="http://www.w3.org/2001/XMLSchema-instance">
  <soap:Body>
    <CelsiusToFahrenheitResponse xmlns="https://www.w3schools.com/xml/">
      <CelsiusToFahrenheitResult>98.6</CelsiusToFahrenheitResult>
    </CelsiusToFahrenheitResponse>
  </soap:Body>
</soap:Envelope>

16:02:52.109 [print] 309
16:02:52.109 [print] 200
16:02:52.109 after scenario inside config 
16:02:52.109 From karate-config file 
16:02:52.140 [print] 123
16:02:52.156 33 
16:02:52.156 after scenario inside config 
16:02:52.156 From karate-config file 
16:02:52.171 request:
1 > POST https://www.w3schools.com/xml/tempconvert.asmx/CelsiusToFahrenheit
1 > Accept-Encoding: gzip,deflate
1 > Connection: Keep-Alive
1 > Content-Length: 10
1 > Content-Type: application/x-www-form-urlencoded; charset=UTF-8
1 > Host: www.w3schools.com
1 > User-Agent: Apache-HttpClient/4.5.12 (Java/1.8.0_251)
Celsius=40

16:02:52.484 response time in milliseconds: 307.65
1 < 200
1 < Cache-Control: private, max-age=0,public
1 < Content-Type: text/xml; charset=utf-8
1 < Date: Fri, 05 Feb 2021 10:24:41 GMT
1 < Server: Microsoft-IIS/7.5
1 < Vary: Accept-Encoding
1 < X-AspNet-Version: 4.0.30319
1 < X-Frame-Options: SAMEORIGIN
1 < X-Powered-By: ASP.NET
<?xml version="1.0" encoding="utf-8"?>
<string xmlns="https://www.w3schools.com/xml/">104</string>

16:02:52.484 [print] {
  "Cache-Control": [
    "private, max-age=0,public"
  ],
  "Content-Type": [
    "text/xml; charset=utf-8"
  ],
  "Date": [
    "Fri, 05 Feb 2021 10:24:41 GMT"
  ],
  "Server": [
    "Microsoft-IIS/7.5"
  ],
  "Vary": [
    "Accept-Encoding"
  ],
  "X-AspNet-Version": [
    "4.0.30319"
  ],
  "X-Frame-Options": [
    "SAMEORIGIN"
  ],
  "X-Powered-By": [
    "ASP.NET"
  ]
}

16:02:52.484 [print] xml
16:02:52.484 [print] 308
16:02:52.484 [print] <string xmlns="https://www.w3schools.com/xml/">104</string>

16:02:52.484 after scenario inside config 
16:02:52.484 request:
1 > POST https://www.w3schools.com/xml/tempconvert.asmx/CelsiusToFahrenheit
1 > Accept-Encoding: gzip,deflate
1 > Connection: Keep-Alive
1 > Content-Length: 10
1 > Content-Type: application/x-www-form-urlencoded; charset=UTF-8
1 > Host: www.w3schools.com
1 > User-Agent: Apache-HttpClient/4.5.12 (Java/1.8.0_251)
Celsius=40

16:02:52.797 response time in milliseconds: 302.60
1 < 200
1 < Cache-Control: private, max-age=0,public
1 < Content-Type: text/xml; charset=utf-8
1 < Date: Fri, 05 Feb 2021 10:24:41 GMT
1 < Server: Microsoft-IIS/7.5
1 < Vary: Accept-Encoding
1 < X-AspNet-Version: 4.0.30319
1 < X-Frame-Options: SAMEORIGIN
1 < X-Powered-By: ASP.NET
<?xml version="1.0" encoding="utf-8"?>
<string xmlns="https://www.w3schools.com/xml/">104</string>

16:02:52.797 [print] {
  "Cache-Control": [
    "private, max-age=0,public"
  ],
  "Content-Type": [
    "text/xml; charset=utf-8"
  ],
  "Date": [
    "Fri, 05 Feb 2021 10:24:41 GMT"
  ],
  "Server": [
    "Microsoft-IIS/7.5"
  ],
  "Vary": [
    "Accept-Encoding"
  ],
  "X-AspNet-Version": [
    "4.0.30319"
  ],
  "X-Frame-Options": [
    "SAMEORIGIN"
  ],
  "X-Powered-By": [
    "ASP.NET"
  ]
}

16:02:52.797 [print] xml
16:02:52.797 [print] 303
16:02:52.797 [print] <string xmlns="https://www.w3schools.com/xml/">104</string>

16:02:52.797 From karate-config file 
16:02:52.875 [print] 1
16:02:52.875 after scenario inside config 
16:02:52.921 From karate-config file 
16:02:52.937 [print] Basic cGFsbWV0b2FkbWluOlBAbG1ldG9AMTIz
16:02:52.953 request:
1 > GET https://192.168.1.62:8089/services/search/jobs
1 > Accept-Encoding: gzip,deflate
1 > Authorization: Basic cGFsbWV0b2FkbWluOlBAbG1ldG9AMTIz
1 > Connection: Keep-Alive
1 > Host: 192.168.1.62:8089
1 > User-Agent: Apache-HttpClient/4.5.12 (Java/1.8.0_251)

16:02:52.999 response time in milliseconds: 44.96
1 < 200
1 < Cache-Control: no-store, no-cache, must-revalidate, max-age=0
1 < Connection: Keep-Alive
1 < Content-Type: text/xml; charset=UTF-8
1 < Date: Fri, 05 Feb 2021 10:32:53 GMT
1 < Expires: Thu, 26 Oct 1978 00:00:00 GMT
1 < Server: Splunkd
1 < Vary: Accept-Encoding, Cookie, Authorization
1 < X-Content-Type-Options: nosniff
1 < X-Frame-Options: SAMEORIGIN
<?xml version="1.0" encoding="UTF-8"?>
<!--This is to override browser formatting; see server.conf[httpServer] to disable. . . . . . . . . . . . . . . . . . . . . . . . . . . . . . . . . . . . . . . . . . . . . . . . . . . . . . . . . . . . . . . . . . . . . . . . . . . . . . . . . . . . . . . . . . . . . . . . . . . . . . . . . . . . . . . . . . . . . . . . . . . . . . . . . . . . . . . . . . . . . . . . . . . . . . . . . . . . . . . . . . . . . . . . . . . . . . . . . . . . . . . . . . . . . . . . . . . . . . . . . . . . . . . . . . . . . . . . . . . . . . . . . . . . . . . . . . . . . . . . . . . . . . . . . . . . . . . . . . . . . . . . . . . . . . . . . . . . . . . . . . . . . . . . . . . . . . . . . . . . . . . . . . . . . . . . . . . . . . . . . . . . . . . . . . . . . . . . . . . . . . . . . . . . . . . . . . . . . . . . . . . . . . . . . . . . . . . . . . . . . . . . . . . . . . . . . . . . . . . . . . . . . . . . . . . . . . . . . . . . . . . . . . . . . . . . . . . . . . . . . . . . . . . . . . . . . . . . . . . . . . . . . . . . . . . . .-->
<?xml-stylesheet type="text/xml" href="/static/atom.xsl"?>
<feed xmlns="http://www.w3.org/2005/Atom" xmlns:s="http://dev.splunk.com/ns/rest" xmlns:opensearch="http://a9.com/-/spec/opensearch/1.1/">
  <title>jobs</title>
  <id>https://192.168.1.62:8089/services/search/jobs</id>
  <updated>2021-02-05T16:02:53+05:30</updated>
  <generator build="08187535c166" version="8.1.1"/>
  <author>
    <name>Splunk</name>
  </author>
  <opensearch:totalResults>2</opensearch:totalResults>
  <opensearch:itemsPerPage>0</opensearch:itemsPerPage>
  <opensearch:startIndex>0</opensearch:startIndex>
  <entry>
    <title>| archivebuckets</title>
    <id>https://192.168.1.62:8089/services/search/jobs/scheduler__nobody_c3BsdW5rX2FyY2hpdmVy__RMD5473cbac83d6c9db7_at_1612518420_24</id>
    <updated>2021-02-05T15:17:01.502+05:30</updated>
    <link href="/services/search/jobs/scheduler__nobody_c3BsdW5rX2FyY2hpdmVy__RMD5473cbac83d6c9db7_at_1612518420_24" rel="alternate"/>
    <published>2021-02-05T15:17:00.000+05:30</published>
    <link href="/services/search/jobs/scheduler__nobody_c3BsdW5rX2FyY2hpdmVy__RMD5473cbac83d6c9db7_at_1612518420_24/search.log" rel="search.log"/>
    <link href="/services/search/jobs/scheduler__nobody_c3BsdW5rX2FyY2hpdmVy__RMD5473cbac83d6c9db7_at_1612518420_24/search_telemetry.json" rel="search_telemetry.json"/>
    <link href="/services/search/jobs/scheduler__nobody_c3BsdW5rX2FyY2hpdmVy__RMD5473cbac83d6c9db7_at_1612518420_24/events" rel="events"/>
    <link href="/services/search/jobs/scheduler__nobody_c3BsdW5rX2FyY2hpdmVy__RMD5473cbac83d6c9db7_at_1612518420_24/results" rel="results"/>
    <link href="/services/search/jobs/scheduler__nobody_c3BsdW5rX2FyY2hpdmVy__RMD5473cbac83d6c9db7_at_1612518420_24/results_preview" rel="results_preview"/>
    <link href="/services/search/jobs/scheduler__nobody_c3BsdW5rX2FyY2hpdmVy__RMD5473cbac83d6c9db7_at_1612518420_24/timeline" rel="timeline"/>
    <link href="/services/search/jobs/scheduler__nobody_c3BsdW5rX2FyY2hpdmVy__RMD5473cbac83d6c9db7_at_1612518420_24/summary" rel="summary"/>
    <link href="/services/search/jobs/scheduler__nobody_c3BsdW5rX2FyY2hpdmVy__RMD5473cbac83d6c9db7_at_1612518420_24/control" rel="control"/>
    <author>
      <name>splunk-system-user</name>
    </author>
    <content type="text/xml">
      <s:dict>
        <s:key name="canSummarize">0</s:key>
        <s:key name="cursorTime">1970-01-01T05:30:00.000+05:30</s:key>
        <s:key name="defaultSaveTTL">604800</s:key>
        <s:key name="defaultTTL">600</s:key>
        <s:key name="delegate">scheduler</s:key>
        <s:key name="diskUsage">53248</s:key>
        <s:key name="dispatchState">DONE</s:key>
        <s:key name="doneProgress">1.00000</s:key>
        <s:key name="dropCount">0</s:key>
        <s:key name="earliestTime">1970-01-01T05:30:00.000+05:30</s:key>
        <s:key name="eventAvailableCount">0</s:key>
        <s:key name="eventCount">0</s:key>
        <s:key name="eventFieldCount">0</s:key>
        <s:key name="eventIsStreaming">1</s:key>
        <s:key name="eventIsTruncated">0</s:key>
        <s:key name="eventSearch">archivebuckets </s:key>
        <s:key name="eventSorting">none</s:key>
        <s:key name="isBatchModeSearch">0</s:key>
        <s:key name="isDone">1</s:key>
        <s:key name="isEventsPreviewEnabled">0</s:key>
        <s:key name="isFailed">0</s:key>
        <s:key name="isFinalized">0</s:key>
        <s:key name="isPaused">0</s:key>
        <s:key name="isPreviewEnabled">0</s:key>
        <s:key name="isRealTimeSearch">0</s:key>
        <s:key name="isRemoteTimeline">0</s:key>
        <s:key name="isSaved">0</s:key>
        <s:key name="isSavedSearch">1</s:key>
        <s:key name="isTimeCursored">0</s:key>
        <s:key name="isZombie">0</s:key>
        <s:key name="keywords"></s:key>
        <s:key name="label">Bucket Copy Trigger</s:key>
        <s:key name="latestTime">2021-02-05T15:17:00.000+05:30</s:key>
        <s:key name="normalizedSearch"></s:key>
        <s:key name="numPreviews">0</s:key>
        <s:key name="optimizedSearch">| archivebuckets</s:key>
        <s:key name="phase0"></s:key>
        <s:key name="phase1">archivebuckets  | timeliner  remote=0 partial_commits=0 max_events_per_bucket=500000 fieldstats_update_maxperiod=60 bucket=0</s:key>
        <s:key name="pid">121866</s:key>
        <s:key name="priority">5</s:key>
        <s:key name="provenance">scheduler</s:key>
        <s:key name="remoteSearch"></s:key>
        <s:key name="reportSearch"></s:key>
        <s:key name="resultCount">0</s:key>
        <s:key name="resultIsStreaming">1</s:key>
        <s:key name="resultPreviewCount">0</s:key>
        <s:key name="runDuration">0.626</s:key>
        <s:key name="sampleRatio">1</s:key>
        <s:key name="sampleSeed">0</s:key>
        <s:key name="savedSearchLabel">{"owner":"nobody","app":"splunk_archiver","sharing":"app"}</s:key>
        <s:key name="scanCount">0</s:key>
        <s:key name="search">| archivebuckets</s:key>
        <s:key name="searchCanBeEventType">0</s:key>
        <s:key name="searchLatestTime">1612518420.000000000</s:key>
        <s:key name="searchTotalBucketsCount">0</s:key>
        <s:key name="searchTotalEliminatedBucketsCount">0</s:key>
        <s:key name="sid">scheduler__nobody_c3BsdW5rX2FyY2hpdmVy__RMD5473cbac83d6c9db7_at_1612518420_24</s:key>
        <s:key name="statusBuckets">0</s:key>
        <s:key name="ttl">4448</s:key>
        <s:key name="workload_action_information"></s:key>
        <s:key name="workload_pool"></s:key>
        <s:key name="performance">
          <s:dict>
            <s:key name="command.archivebuckets">
              <s:dict>
                <s:key name="duration_secs">0.605</s:key>
                <s:key name="invocations">1</s:key>
                <s:key name="input_count">0</s:key>
                <s:key name="output_count">0</s:key>
              </s:dict>
            </s:key>
            <s:key name="command.timeliner">
              <s:dict>
                <s:key name="invocations">1</s:key>
                <s:key name="input_count">0</s:key>
                <s:key name="output_count">0</s:key>
              </s:dict>
            </s:key>
            <s:key name="dispatch.createdSearchResultInfrastructure">
              <s:dict>
                <s:key name="duration_secs">0.001</s:key>
                <s:key name="invocations">1</s:key>
              </s:dict>
            </s:key>
            <s:key name="dispatch.evaluate.archivebuckets">
              <s:dict>
                <s:key name="invocations">2</s:key>
              </s:dict>
            </s:key>
            <s:key name="dispatch.finalWriteToDisk">
              <s:dict>
                <s:key name="invocations">1</s:key>
              </s:dict>
            </s:key>
            <s:key name="dispatch.readEventsInResults">
              <s:dict>
                <s:key name="invocations">1</s:key>
              </s:dict>
            </s:key>
            <s:key name="dispatch.timeline">
              <s:dict>
                <s:key name="invocations">1</s:key>
              </s:dict>
            </s:key>
            <s:key name="dispatch.writeStatus">
              <s:dict>
                <s:key name="invocations">3</s:key>
              </s:dict>
            </s:key>
            <s:key name="startup.configuration">
              <s:dict>
                <s:key name="duration_secs">0.013</s:key>
                <s:key name="invocations">2</s:key>
              </s:dict>
            </s:key>
            <s:key name="startup.handoff">
              <s:dict>
                <s:key name="duration_secs">0.058</s:key>
                <s:key name="invocations">2</s:key>
              </s:dict>
            </s:key>
          </s:dict>
        </s:key>
        <s:key name="messages">
          <s:dict/>
        </s:key>
        <s:key name="request">
          <s:dict>
            <s:key name="auto_cancel">0</s:key>
            <s:key name="auto_pause">0</s:key>
            <s:key name="buckets">0</s:key>
            <s:key name="earliest_time"></s:key>
            <s:key name="index_earliest"></s:key>
            <s:key name="index_latest"></s:key>
            <s:key name="indexedRealtime"></s:key>
            <s:key name="indexedRealtimeMinSpan"></s:key>
            <s:key name="indexedRealtimeOffset"></s:key>
            <s:key name="latest_time">now</s:key>
            <s:key name="lookups">1</s:key>
            <s:key name="max_count">500000</s:key>
            <s:key name="max_time">0</s:key>
            <s:key name="reduce_freq">10</s:key>
            <s:key name="rt_backfill">0</s:key>
            <s:key name="rt_maximum_span"></s:key>
            <s:key name="sample_ratio">1</s:key>
            <s:key name="spawn_process">1</s:key>
            <s:key name="time_format">%FT%T.%Q%:z</s:key>
            <s:key name="ui_dispatch_app"></s:key>
            <s:key name="ui_dispatch_view"></s:key>
          </s:dict>
        </s:key>
        <s:key name="eai:acl">
          <s:dict>
            <s:key name="perms">
              <s:dict>
                <s:key name="read">
                  <s:list>
                    <s:item>*</s:item>
                    <s:item>splunk-system-user</s:item>
                  </s:list>
                </s:key>
                <s:key name="write">
                  <s:list>
                    <s:item>*</s:item>
                    <s:item>splunk-system-user</s:item>
                  </s:list>
                </s:key>
              </s:dict>
            </s:key>
            <s:key name="owner">splunk-system-user</s:key>
            <s:key name="modifiable">1</s:key>
            <s:key name="sharing">global</s:key>
            <s:key name="app">splunk_archiver</s:key>
            <s:key name="can_write">1</s:key>
            <s:key name="ttl">7200</s:key>
          </s:dict>
        </s:key>
        <s:key name="searchProviders">
          <s:list/>
        </s:key>
      </s:dict>
    </content>
  </entry>
  <entry>
    <title>| archivebuckets</title>
    <id>https://192.168.1.62:8089/services/search/jobs/scheduler__nobody_c3BsdW5rX2FyY2hpdmVy__RMD5473cbac83d6c9db7_at_1612514820_23</id>
    <updated>2021-02-05T14:17:01.701+05:30</updated>
    <link href="/services/search/jobs/scheduler__nobody_c3BsdW5rX2FyY2hpdmVy__RMD5473cbac83d6c9db7_at_1612514820_23" rel="alternate"/>
    <published>2021-02-05T14:17:01.000+05:30</published>
    <link href="/services/search/jobs/scheduler__nobody_c3BsdW5rX2FyY2hpdmVy__RMD5473cbac83d6c9db7_at_1612514820_23/search.log" rel="search.log"/>
    <link href="/services/search/jobs/scheduler__nobody_c3BsdW5rX2FyY2hpdmVy__RMD5473cbac83d6c9db7_at_1612514820_23/search_telemetry.json" rel="search_telemetry.json"/>
    <link href="/services/search/jobs/scheduler__nobody_c3BsdW5rX2FyY2hpdmVy__RMD5473cbac83d6c9db7_at_1612514820_23/events" rel="events"/>
    <link href="/services/search/jobs/scheduler__nobody_c3BsdW5rX2FyY2hpdmVy__RMD5473cbac83d6c9db7_at_1612514820_23/results" rel="results"/>
    <link href="/services/search/jobs/scheduler__nobody_c3BsdW5rX2FyY2hpdmVy__RMD5473cbac83d6c9db7_at_1612514820_23/results_preview" rel="results_preview"/>
    <link href="/services/search/jobs/scheduler__nobody_c3BsdW5rX2FyY2hpdmVy__RMD5473cbac83d6c9db7_at_1612514820_23/timeline" rel="timeline"/>
    <link href="/services/search/jobs/scheduler__nobody_c3BsdW5rX2FyY2hpdmVy__RMD5473cbac83d6c9db7_at_1612514820_23/summary" rel="summary"/>
    <link href="/services/search/jobs/scheduler__nobody_c3BsdW5rX2FyY2hpdmVy__RMD5473cbac83d6c9db7_at_1612514820_23/control" rel="control"/>
    <author>
      <name>splunk-system-user</name>
    </author>
    <content type="text/xml">
      <s:dict>
        <s:key name="canSummarize">0</s:key>
        <s:key name="cursorTime">1970-01-01T05:30:00.000+05:30</s:key>
        <s:key name="defaultSaveTTL">604800</s:key>
        <s:key name="defaultTTL">600</s:key>
        <s:key name="delegate">scheduler</s:key>
        <s:key name="diskUsage">53248</s:key>
        <s:key name="dispatchState">DONE</s:key>
        <s:key name="doneProgress">1.00000</s:key>
        <s:key name="dropCount">0</s:key>
        <s:key name="earliestTime">1970-01-01T05:30:00.000+05:30</s:key>
        <s:key name="eventAvailableCount">0</s:key>
        <s:key name="eventCount">0</s:key>
        <s:key name="eventFieldCount">0</s:key>
        <s:key name="eventIsStreaming">1</s:key>
        <s:key name="eventIsTruncated">0</s:key>
        <s:key name="eventSearch">archivebuckets </s:key>
        <s:key name="eventSorting">none</s:key>
        <s:key name="isBatchModeSearch">0</s:key>
        <s:key name="isDone">1</s:key>
        <s:key name="isEventsPreviewEnabled">0</s:key>
        <s:key name="isFailed">0</s:key>
        <s:key name="isFinalized">0</s:key>
        <s:key name="isPaused">0</s:key>
        <s:key name="isPreviewEnabled">0</s:key>
        <s:key name="isRealTimeSearch">0</s:key>
        <s:key name="isRemoteTimeline">0</s:key>
        <s:key name="isSaved">0</s:key>
        <s:key name="isSavedSearch">1</s:key>
        <s:key name="isTimeCursored">0</s:key>
        <s:key name="isZombie">0</s:key>
        <s:key name="keywords"></s:key>
        <s:key name="label">Bucket Copy Trigger</s:key>
        <s:key name="latestTime">2021-02-05T14:17:00.000+05:30</s:key>
        <s:key name="normalizedSearch"></s:key>
        <s:key name="numPreviews">0</s:key>
        <s:key name="optimizedSearch">| archivebuckets</s:key>
        <s:key name="phase0"></s:key>
        <s:key name="phase1">archivebuckets  | timeliner  remote=0 partial_commits=0 max_events_per_bucket=500000 fieldstats_update_maxperiod=60 bucket=0</s:key>
        <s:key name="pid">118600</s:key>
        <s:key name="priority">5</s:key>
        <s:key name="provenance">scheduler</s:key>
        <s:key name="remoteSearch"></s:key>
        <s:key name="reportSearch"></s:key>
        <s:key name="resultCount">0</s:key>
        <s:key name="resultIsStreaming">1</s:key>
        <s:key name="resultPreviewCount">0</s:key>
        <s:key name="runDuration">0.664</s:key>
        <s:key name="sampleRatio">1</s:key>
        <s:key name="sampleSeed">0</s:key>
        <s:key name="savedSearchLabel">{"owner":"nobody","app":"splunk_archiver","sharing":"app"}</s:key>
        <s:key name="scanCount">0</s:key>
        <s:key name="search">| archivebuckets</s:key>
        <s:key name="searchCanBeEventType">0</s:key>
        <s:key name="searchLatestTime">1612514820.000000000</s:key>
        <s:key name="searchTotalBucketsCount">0</s:key>
        <s:key name="searchTotalEliminatedBucketsCount">0</s:key>
        <s:key name="sid">scheduler__nobody_c3BsdW5rX2FyY2hpdmVy__RMD5473cbac83d6c9db7_at_1612514820_23</s:key>
        <s:key name="statusBuckets">0</s:key>
        <s:key name="ttl">848</s:key>
        <s:key name="workload_action_information"></s:key>
        <s:key name="workload_pool"></s:key>
        <s:key name="performance">
          <s:dict>
            <s:key name="command.archivebuckets">
              <s:dict>
                <s:key name="duration_secs">0.642</s:key>
                <s:key name="invocations">1</s:key>
                <s:key name="input_count">0</s:key>
                <s:key name="output_count">0</s:key>
              </s:dict>
            </s:key>
            <s:key name="command.timeliner">
              <s:dict>
                <s:key name="invocations">1</s:key>
                <s:key name="input_count">0</s:key>
                <s:key name="output_count">0</s:key>
              </s:dict>
            </s:key>
            <s:key name="dispatch.createdSearchResultInfrastructure">
              <s:dict>
                <s:key name="duration_secs">0.001</s:key>
                <s:key name="invocations">1</s:key>
              </s:dict>
            </s:key>
            <s:key name="dispatch.evaluate.archivebuckets">
              <s:dict>
                <s:key name="invocations">2</s:key>
              </s:dict>
            </s:key>
            <s:key name="dispatch.finalWriteToDisk">
              <s:dict>
                <s:key name="invocations">1</s:key>
              </s:dict>
            </s:key>
            <s:key name="dispatch.readEventsInResults">
              <s:dict>
                <s:key name="invocations">1</s:key>
              </s:dict>
            </s:key>
            <s:key name="dispatch.timeline">
              <s:dict>
                <s:key name="invocations">1</s:key>
              </s:dict>
            </s:key>
            <s:key name="dispatch.writeStatus">
              <s:dict>
                <s:key name="invocations">3</s:key>
              </s:dict>
            </s:key>
            <s:key name="startup.configuration">
              <s:dict>
                <s:key name="duration_secs">0.012</s:key>
                <s:key name="invocations">2</s:key>
              </s:dict>
            </s:key>
            <s:key name="startup.handoff">
              <s:dict>
                <s:key name="duration_secs">0.056</s:key>
                <s:key name="invocations">2</s:key>
              </s:dict>
            </s:key>
          </s:dict>
        </s:key>
        <s:key name="messages">
          <s:dict/>
        </s:key>
        <s:key name="request">
          <s:dict>
            <s:key name="auto_cancel">0</s:key>
            <s:key name="auto_pause">0</s:key>
            <s:key name="buckets">0</s:key>
            <s:key name="earliest_time"></s:key>
            <s:key name="index_earliest"></s:key>
            <s:key name="index_latest"></s:key>
            <s:key name="indexedRealtime"></s:key>
            <s:key name="indexedRealtimeMinSpan"></s:key>
            <s:key name="indexedRealtimeOffset"></s:key>
            <s:key name="latest_time">now</s:key>
            <s:key name="lookups">1</s:key>
            <s:key name="max_count">500000</s:key>
            <s:key name="max_time">0</s:key>
            <s:key name="reduce_freq">10</s:key>
            <s:key name="rt_backfill">0</s:key>
            <s:key name="rt_maximum_span"></s:key>
            <s:key name="sample_ratio">1</s:key>
            <s:key name="spawn_process">1</s:key>
            <s:key name="time_format">%FT%T.%Q%:z</s:key>
            <s:key name="ui_dispatch_app"></s:key>
            <s:key name="ui_dispatch_view"></s:key>
          </s:dict>
        </s:key>
        <s:key name="eai:acl">
          <s:dict>
            <s:key name="perms">
              <s:dict>
                <s:key name="read">
                  <s:list>
                    <s:item>*</s:item>
                    <s:item>splunk-system-user</s:item>
                  </s:list>
                </s:key>
                <s:key name="write">
                  <s:list>
                    <s:item>*</s:item>
                    <s:item>splunk-system-user</s:item>
                  </s:list>
                </s:key>
              </s:dict>
            </s:key>
            <s:key name="owner">splunk-system-user</s:key>
            <s:key name="modifiable">1</s:key>
            <s:key name="sharing">global</s:key>
            <s:key name="app">splunk_archiver</s:key>
            <s:key name="can_write">1</s:key>
            <s:key name="ttl">7200</s:key>
          </s:dict>
        </s:key>
        <s:key name="searchProviders">
          <s:list/>
        </s:key>
      </s:dict>
    </content>
  </entry>
</feed>


16:02:53.015 [print] xml
16:02:53.046 [print] jobs
16:02:53.046 after scenario inside config 
16:02:53.124 From karate-config file 
16:02:53.124 request:
1 > GET http://192.168.1.62:8082/topics/rest123
1 > Accept-Encoding: gzip,deflate
1 > Connection: Keep-Alive
1 > Host: 192.168.1.62:8082
1 > User-Agent: Apache-HttpClient/4.5.12 (Java/1.8.0_251)

16:02:53.124 response time in milliseconds: 5.06
1 < 404
1 < Content-Length: 80
1 < Content-Type: application/vnd.kafka.v2+json
1 < Date: Fri, 05 Feb 2021 10:32:53 GMT
{"error_code":40403,"message":"This server does not host this topic-partition."}

16:02:53.124 [print] {
  "error_code": 40403,
  "message": "This server does not host this topic-partition."
}

16:02:53.140 after scenario inside config 
16:02:53.140 From karate-config file 
16:02:53.140 request:
1 > POST http://192.168.1.62:8082/topics/dhana_topic
1 > Accept: application/vnd.kafka.v2+json
1 > Accept-Encoding: gzip,deflate
1 > Connection: Keep-Alive
1 > Content-Length: 96
1 > Content-Type: application/vnd.kafka.json.v2+json; charset=UTF-8
1 > Host: 192.168.1.62:8082
1 > User-Agent: Apache-HttpClient/4.5.12 (Java/1.8.0_251)
{"records":[{"key":"key3","value":"rdr-value3"},{"value":"val3","partition":0},{"value":123.3}]}

16:02:53.156 response time in milliseconds: 13.55
1 < 200
1 < Content-Type: application/vnd.kafka.v2+json
1 < Date: Fri, 05 Feb 2021 10:32:53 GMT
1 < Vary: Accept-Encoding, User-Agent
{"offsets":[{"partition":0,"offset":24,"error_code":null,"error":null},{"partition":0,"offset":25,"error_code":null,"error":null},{"partition":0,"offset":26,"error_code":null,"error":null}],"key_schema_id":null,"value_schema_id":null}

16:02:53.156 [print] {
  "offsets": [
    {
      "partition": 0,
      "offset": 24,
      "error_code": null,
      "error": null
    },
    {
      "partition": 0,
      "offset": 25,
      "error_code": null,
      "error": null
    },
    {
      "partition": 0,
      "offset": 26,
      "error_code": null,
      "error": null
    }
  ],
  "value_schema_id": null,
  "key_schema_id": null
}

16:02:53.171 after scenario inside config 
16:02:53.187 From karate-config file 
16:02:53.187 request:
1 > POST http://192.168.1.62:8082/consumers/my-consumer-group
1 > Accept-Encoding: gzip,deflate
1 > Connection: Keep-Alive
1 > Content-Length: 105
1 > Content-Type: application/vnd.kafka.json.v2+json; charset=UTF-8
1 > Host: 192.168.1.62:8082
1 > User-Agent: Apache-HttpClient/4.5.12 (Java/1.8.0_251)
{"name":"dhanaraju_consumer","format":"json","auto.offset.reset":"earliest","auto.commit.enable":"false"}

16:02:53.203 response time in milliseconds: 7.04
1 < 200
1 < Content-Type: application/vnd.kafka.v2+json
1 < Date: Fri, 05 Feb 2021 10:32:53 GMT
1 < Vary: Accept-Encoding, User-Agent
{"instance_id":"dhanaraju_consumer","base_uri":"http://192.168.1.62:8082/consumers/my-consumer-group/instances/dhanaraju_consumer"}

16:02:53.203 [print] {
  "instance_id": "dhanaraju_consumer",
  "base_uri": "http://192.168.1.62:8082/consumers/my-consumer-group/instances/dhanaraju_consumer"
}

16:02:53.203 [print] http://192.168.1.62:8082/consumers/my-consumer-group/instances/dhanaraju_consumer
16:02:53.203 after scenario inside config 
16:02:53.203 From karate-config file 
16:02:53.219 request:
1 > GET http://192.168.1.62:8082/consumers/my-consumer-group/instances/dhanaraju_consumer/subscription
1 > Accept: application/vnd.kafka.v2+json
1 > Accept-Encoding: gzip,deflate
1 > Connection: Keep-Alive
1 > Host: 192.168.1.62:8082
1 > User-Agent: Apache-HttpClient/4.5.12 (Java/1.8.0_251)

16:02:53.234 response time in milliseconds: 9.79
1 < 200
1 < Content-Length: 26
1 < Content-Type: application/vnd.kafka.v2+json
1 < Date: Fri, 05 Feb 2021 10:32:53 GMT
1 < Vary: Accept-Encoding, User-Agent
{"topics":["dhana_topic"]}

16:02:53.234 [print] {
  "topics": [
    "dhana_topic"
  ]
}

16:02:53.234 after scenario inside config 
16:02:53.234 From karate-config file 
16:02:53.234 request:
1 > GET http://192.168.1.62:8082/consumers/my-consumer-group/instances/dhanaraju_consumer/assignments
1 > Accept: application/vnd.kafka.v2+json
1 > Accept-Encoding: gzip,deflate
1 > Connection: Keep-Alive
1 > Host: 192.168.1.62:8082
1 > User-Agent: Apache-HttpClient/4.5.12 (Java/1.8.0_251)

16:02:53.234 response time in milliseconds: 2.32
1 < 200
1 < Content-Type: application/vnd.kafka.v2+json
1 < Date: Fri, 05 Feb 2021 10:32:53 GMT
1 < Vary: Accept-Encoding, User-Agent
{"partitions":[{"topic":"dhana_topic","partition":0}]}

16:02:53.234 [print] {
  "partitions": [
    {
      "partition": 0,
      "topic": "dhana_topic"
    }
  ]
}

16:02:53.250 after scenario inside config 
16:02:53.250 From karate-config file 
16:02:53.250 request:
1 > DELETE http://192.168.1.62:8082/consumers/my-consumer-group/instances/dhanaraju_consumer/subscription
1 > Accept: application/vnd.kafka.v2+json
1 > Accept-Encoding: gzip,deflate
1 > Connection: Keep-Alive
1 > Host: 192.168.1.62:8082
1 > User-Agent: Apache-HttpClient/4.5.12 (Java/1.8.0_251)

16:02:53.250 response time in milliseconds: 3.18
1 < 204
1 < Date: Fri, 05 Feb 2021 10:32:53 GMT

16:02:53.250 after scenario inside config 
16:02:53.250 From karate-config file 
16:02:53.250 request:
1 > DELETE http://192.168.1.62:8082/consumers/my-consumer-group/instances/dhanaraju_consumer
1 > Accept: application/vnd.kafka.v2+json
1 > Accept-Encoding: gzip,deflate
1 > Connection: Keep-Alive
1 > Host: 192.168.1.62:8082
1 > User-Agent: Apache-HttpClient/4.5.12 (Java/1.8.0_251)

16:02:53.265 response time in milliseconds: 3.67
1 < 204
1 < Date: Fri, 05 Feb 2021 10:32:53 GMT

16:02:53.265 after scenario inside config 
16:02:53.265 From karate-config file 
16:02:53.265 request:
1 > DELETE http://192.168.1.62:8082/consumers/my-consumer-group/instances/dhanaraju_consumer
1 > Accept: application/vnd.kafka.v2+json
1 > Accept-Encoding: gzip,deflate
1 > Connection: Keep-Alive
1 > Host: 192.168.1.62:8082
1 > User-Agent: Apache-HttpClient/4.5.12 (Java/1.8.0_251)

16:02:53.265 response time in milliseconds: 2.93
1 < 404
1 < Content-Length: 61
1 < Content-Type: application/vnd.kafka.v2+json
1 < Date: Fri, 05 Feb 2021 10:32:53 GMT
{"error_code":40403,"message":"Consumer instance not found."}

16:02:53.265 after scenario inside config 
16:02:53.281 From karate-config file 
16:02:53.281 [print] From Background block
16:02:53.281 [print] From Scenario block
16:02:53.281 after scenario inside config 
16:02:53.296 from after feature 
