16:02:50.593 From karate-config file 
16:02:50.687 [print] c =  30.0
16:02:50.703 END of the Test 2 
16:02:50.703 after scenario inside config 
16:02:50.718 From karate-config file 
16:02:50.749 [print] {
  "id": "101",
  "tool": {
    "name": "Karate",
    "version": "0.9.6"
  }
}

16:02:50.781 [print] 101
16:02:50.781 [print] Karate
16:02:50.781 after scenario inside config 
16:02:50.796 From karate-config file 
16:02:50.796 after scenario inside config 
16:02:50.812 From karate-config file 
16:02:50.812 after scenario inside config 
16:02:50.828 From karate-config file 
16:02:50.828 after scenario inside config 
16:02:50.859 From karate-config file 
16:02:50.874 after scenario inside config 
16:02:50.874 From karate-config file 
16:02:50.890 after scenario inside config 
16:02:50.906 From karate-config file 
16:02:51.125 request:
1 > POST http://www.dneonline.com/calculator.asmx
1 > Accept-Encoding: gzip,deflate
1 > Connection: Keep-Alive
1 > Content-Length: 329
1 > Content-Type: text/xml; charset=UTF-8
1 > Host: www.dneonline.com
1 > SOAPAction: http://tempuri.org/Add
1 > User-Agent: Apache-HttpClient/4.5.12 (Java/1.8.0_251)
<soap:Envelope xmlns:soap="http://schemas.xmlsoap.org/soap/envelope/" xmlns:xsd="http://www.w3.org/2001/XMLSchema" xmlns:xsi="http://www.w3.org/2001/XMLSchema-instance">
    <soap:Body>
      <Add xmlns="http://tempuri.org/">
        <intA>26</intA>
        <intB>24</intB>
      </Add>
    </soap:Body>
  </soap:Envelope>

16:02:51.827 response time in milliseconds: 698.02
1 < 200
1 < Cache-Control: private, max-age=0
1 < Content-Type: text/xml; charset=utf-8
1 < Date: Fri, 05 Feb 2021 10:32:51 GMT
1 < Server: Microsoft-IIS/8.0
1 < Vary: Accept-Encoding
1 < X-AspNet-Version: 2.0.50727
1 < X-Powered-By: ASP.NET
1 < X-Powered-By-Plesk: PleskWin
<?xml version="1.0" encoding="utf-8"?><soap:Envelope xmlns:soap="http://schemas.xmlsoap.org/soap/envelope/" xmlns:xsi="http://www.w3.org/2001/XMLSchema-instance" xmlns:xsd="http://www.w3.org/2001/XMLSchema"><soap:Body><AddResponse xmlns="http://tempuri.org/"><AddResult>50</AddResult></AddResponse></soap:Body></soap:Envelope>

16:02:51.827 [print] {
  "Cache-Control": [
    "private, max-age=0"
  ],
  "Content-Type": [
    "text/xml; charset=utf-8"
  ],
  "Vary": [
    "Accept-Encoding"
  ],
  "Server": [
    "Microsoft-IIS/8.0"
  ],
  "X-AspNet-Version": [
    "2.0.50727"
  ],
  "X-Powered-By": [
    "ASP.NET"
  ],
  "X-Powered-By-Plesk": [
    "PleskWin"
  ],
  "Date": [
    "Fri, 05 Feb 2021 10:32:51 GMT"
  ]
}

16:02:51.827 [print] [
  "2.0.50727"
]

16:02:51.827 [print] Microsoft-IIS/8.0
16:02:51.827 [print] xml
16:02:51.843 [print] <soap:Envelope xmlns:soap="http://schemas.xmlsoap.org/soap/envelope/" xmlns:xsd="http://www.w3.org/2001/XMLSchema" xmlns:xsi="http://www.w3.org/2001/XMLSchema-instance">
  <soap:Body>
    <AddResponse xmlns="http://tempuri.org/">
      <AddResult>50</AddResult>
    </AddResponse>
  </soap:Body>
</soap:Envelope>

16:02:51.843 [print] 698
16:02:51.843 [print] 200
16:02:51.843 after scenario inside config 
16:02:51.859 From karate-config file 
16:02:51.859 request:
1 > POST https://www.w3schools.com/xml/tempconvert.asmx/CelsiusToFahrenheit
1 > Accept-Encoding: gzip,deflate
1 > Connection: Keep-Alive
1 > Content-Length: 10
1 > Content-Type: application/x-www-form-urlencoded; charset=UTF-8
1 > Host: www.w3schools.com
1 > User-Agent: Apache-HttpClient/4.5.12 (Java/1.8.0_251)
Celsius=37

16:02:52.156 response time in milliseconds: 293.51
1 < 200
1 < Cache-Control: private, max-age=0,public
1 < Content-Type: text/xml; charset=utf-8
1 < Date: Fri, 05 Feb 2021 10:24:41 GMT
1 < Server: Microsoft-IIS/7.5
1 < Vary: Accept-Encoding
1 < X-AspNet-Version: 4.0.30319
1 < X-Frame-Options: SAMEORIGIN
1 < X-Powered-By: ASP.NET
<?xml version="1.0" encoding="utf-8"?>
<string xmlns="https://www.w3schools.com/xml/">98.6</string>

16:02:52.156 [print] {
  "Cache-Control": [
    "private, max-age=0,public"
  ],
  "Content-Type": [
    "text/xml; charset=utf-8"
  ],
  "Date": [
    "Fri, 05 Feb 2021 10:24:41 GMT"
  ],
  "Server": [
    "Microsoft-IIS/7.5"
  ],
  "Vary": [
    "Accept-Encoding"
  ],
  "X-AspNet-Version": [
    "4.0.30319"
  ],
  "X-Frame-Options": [
    "SAMEORIGIN"
  ],
  "X-Powered-By": [
    "ASP.NET"
  ]
}

16:02:52.156 [print] xml
16:02:52.156 [print] 294
16:02:52.156 [print] <string xmlns="https://www.w3schools.com/xml/">98.6</string>

16:02:52.171 after scenario inside config 
16:02:52.171 request:
1 > POST https://www.w3schools.com/xml/tempconvert.asmx/CelsiusToFahrenheit
1 > Accept-Encoding: gzip,deflate
1 > Connection: Keep-Alive
1 > Content-Length: 10
1 > Content-Type: application/x-www-form-urlencoded; charset=UTF-8
1 > Host: www.w3schools.com
1 > User-Agent: Apache-HttpClient/4.5.12 (Java/1.8.0_251)
Celsius=37

16:02:52.484 response time in milliseconds: 306.85
1 < 200
1 < Cache-Control: private, max-age=0,public
1 < Content-Type: text/xml; charset=utf-8
1 < Date: Fri, 05 Feb 2021 10:24:41 GMT
1 < Server: Microsoft-IIS/7.5
1 < Vary: Accept-Encoding
1 < X-AspNet-Version: 4.0.30319
1 < X-Frame-Options: SAMEORIGIN
1 < X-Powered-By: ASP.NET
<?xml version="1.0" encoding="utf-8"?>
<string xmlns="https://www.w3schools.com/xml/">98.6</string>

16:02:52.484 [print] {
  "Cache-Control": [
    "private, max-age=0,public"
  ],
  "Content-Type": [
    "text/xml; charset=utf-8"
  ],
  "Date": [
    "Fri, 05 Feb 2021 10:24:41 GMT"
  ],
  "Server": [
    "Microsoft-IIS/7.5"
  ],
  "Vary": [
    "Accept-Encoding"
  ],
  "X-AspNet-Version": [
    "4.0.30319"
  ],
  "X-Frame-Options": [
    "SAMEORIGIN"
  ],
  "X-Powered-By": [
    "ASP.NET"
  ]
}

16:02:52.484 [print] xml
16:02:52.484 [print] 307
16:02:52.484 [print] <string xmlns="https://www.w3schools.com/xml/">98.6</string>

16:02:52.500 From karate-config file 
16:02:52.687 [print] 101,Selenium,Se-HQ,
102,UFT,Microfocus,
103,RFT,IBM Rational,
104,SilkTest,Microfocus,
1111,TestComplete,SmartBear,
106,Sasi,Sasi,
106,Sasi,Sasi,
106,Sasi,Sasi,

16:02:52.687 after scenario inside config 
16:02:52.687 From karate-config file 
16:02:52.702 [print] Karate-Non-static
16:02:52.702 [print] Karate-Non-static
16:02:52.702 after scenario inside config 
16:02:52.702 From karate-config file 
16:02:52.718 [print] Success
16:02:52.718 after scenario inside config 
16:02:52.734 From karate-config file 
16:02:52.734 [print] Karate-static
16:02:52.734 [print] Karate-static
16:02:52.734 after scenario inside config 
16:02:52.734 From karate-config file 
16:02:52.765 [print] 1
16:02:52.781 after scenario inside config 
16:02:52.781 From karate-config file 
16:02:52.781 request:
1 > GET https://reqres.in/api/users?page=2
1 > Accept-Encoding: gzip,deflate
1 > Connection: Keep-Alive
1 > Host: reqres.in
1 > User-Agent: Apache-HttpClient/4.5.12 (Java/1.8.0_251)

16:02:53.093 response time in milliseconds: 306.80
1 < 200
1 < Access-Control-Allow-Origin: *
1 < Age: 3468
1 < CF-Cache-Status: HIT
1 < CF-RAY: 61cbf85439f219bd-SIN
1 < Cache-Control: max-age=14400
1 < Connection: keep-alive
1 < Content-Type: application/json; charset=utf-8
1 < Date: Fri, 05 Feb 2021 10:32:53 GMT
1 < Etag: W/"406-ut0vzoCuidvyMf8arZpMpJ6ZRDw"
1 < Expect-CT: max-age=604800, report-uri="https://report-uri.cloudflare.com/cdn-cgi/beacon/expect-ct"
1 < NEL: {"report_to":"cf-nel","max_age":604800}
1 < Report-To: {"max_age":604800,"endpoints":[{"url":"https:\/\/a.nel.cloudflare.com\/report?s=MtEldqmPIau5BKdHyye4jbGy14jRroqTc1WOOHV7qmBYmqGIQziJl3AAk9tOoUYJG2tEopUjPNKKktUrN72NRk7TsGBddmEk3Qw%3D"}],"group":"cf-nel"}
1 < Server: cloudflare
1 < Set-Cookie: __cfduid=dbf81e2f5451f98ae6d245baa4a3dbf4f1612521173; expires=Sun, 07-Mar-21 10:32:53 GMT; path=/; domain=.reqres.in; HttpOnly; SameSite=Lax; Secure
1 < Transfer-Encoding: chunked
1 < Vary: Accept-Encoding
1 < Via: 1.1 vegur
1 < X-Powered-By: Express
1 < cf-request-id: 08135988a2000019bdcb9aa000000001
{"page":2,"per_page":6,"total":12,"total_pages":2,"data":[{"id":7,"email":"michael.lawson@reqres.in","first_name":"Michael","last_name":"Lawson","avatar":"https://reqres.in/img/faces/7-image.jpg"},{"id":8,"email":"lindsay.ferguson@reqres.in","first_name":"Lindsay","last_name":"Ferguson","avatar":"https://reqres.in/img/faces/8-image.jpg"},{"id":9,"email":"tobias.funke@reqres.in","first_name":"Tobias","last_name":"Funke","avatar":"https://reqres.in/img/faces/9-image.jpg"},{"id":10,"email":"byron.fields@reqres.in","first_name":"Byron","last_name":"Fields","avatar":"https://reqres.in/img/faces/10-image.jpg"},{"id":11,"email":"george.edwards@reqres.in","first_name":"George","last_name":"Edwards","avatar":"https://reqres.in/img/faces/11-image.jpg"},{"id":12,"email":"rachel.howell@reqres.in","first_name":"Rachel","last_name":"Howell","avatar":"https://reqres.in/img/faces/12-image.jpg"}],"support":{"url":"https://reqres.in/#support-heading","text":"To keep ReqRes free, contributions towards server costs are appreciated!"}}

16:02:53.093 [print] {
  "per_page": 6,
  "total": 12,
  "data": [
    {
      "last_name": "Lawson",
      "id": 7,
      "avatar": "https://reqres.in/img/faces/7-image.jpg",
      "first_name": "Michael",
      "email": "michael.lawson@reqres.in"
    },
    {
      "last_name": "Ferguson",
      "id": 8,
      "avatar": "https://reqres.in/img/faces/8-image.jpg",
      "first_name": "Lindsay",
      "email": "lindsay.ferguson@reqres.in"
    },
    {
      "last_name": "Funke",
      "id": 9,
      "avatar": "https://reqres.in/img/faces/9-image.jpg",
      "first_name": "Tobias",
      "email": "tobias.funke@reqres.in"
    },
    {
      "last_name": "Fields",
      "id": 10,
      "avatar": "https://reqres.in/img/faces/10-image.jpg",
      "first_name": "Byron",
      "email": "byron.fields@reqres.in"
    },
    {
      "last_name": "Edwards",
      "id": 11,
      "avatar": "https://reqres.in/img/faces/11-image.jpg",
      "first_name": "George",
      "email": "george.edwards@reqres.in"
    },
    {
      "last_name": "Howell",
      "id": 12,
      "avatar": "https://reqres.in/img/faces/12-image.jpg",
      "first_name": "Rachel",
      "email": "rachel.howell@reqres.in"
    }
  ],
  "page": 2,
  "total_pages": 2,
  "support": {
    "text": "To keep ReqRes free, contributions towards server costs are appreciated!",
    "url": "https://reqres.in/#support-heading"
  }
}

16:02:53.093 after scenario inside config 
16:02:53.109 From karate-config file 
16:02:53.109 request:
1 > GET http://192.168.1.62:8082/topics
1 > Accept-Encoding: gzip,deflate
1 > Connection: Keep-Alive
1 > Host: 192.168.1.62:8082
1 > User-Agent: Apache-HttpClient/4.5.12 (Java/1.8.0_251)

16:02:53.124 response time in milliseconds: 7.66
1 < 200
1 < Content-Type: application/vnd.kafka.v2+json
1 < Date: Fri, 05 Feb 2021 10:32:53 GMT
1 < Vary: Accept-Encoding, User-Agent
["harris_topic3","pravalika_topic","shubh","topic3","vijay_topic","shalini","dhana_topic","manohar","veera_topic","_confluent_balancer_partition_samples","satyendra_topic","snehasish_topic","sasi","hemanth_topic","_confluent_balancer_api_state","Madhu-topic","_confluent-license","deekshit","_confluent_balancer_broker_samples","syed_topic","_confluent-telemetry-metrics"]

16:02:53.124 [print] [
  "harris_topic3",
  "pravalika_topic",
  "shubh",
  "topic3",
  "vijay_topic",
  "shalini",
  "dhana_topic",
  "manohar",
  "veera_topic",
  "_confluent_balancer_partition_samples",
  "satyendra_topic",
  "snehasish_topic",
  "sasi",
  "hemanth_topic",
  "_confluent_balancer_api_state",
  "Madhu-topic",
  "_confluent-license",
  "deekshit",
  "_confluent_balancer_broker_samples",
  "syed_topic",
  "_confluent-telemetry-metrics"
]

16:02:53.124 [print] pravalika_topic
16:02:53.140 request:
2 > GET http://192.168.1.62:8082/topics/pravalika_topic
2 > Accept-Encoding: gzip,deflate
2 > Connection: Keep-Alive
2 > Host: 192.168.1.62:8082
2 > User-Agent: Apache-HttpClient/4.5.12 (Java/1.8.0_251)

16:02:53.140 response time in milliseconds: 10.05
2 < 200
2 < Content-Type: application/vnd.kafka.v2+json
2 < Date: Fri, 05 Feb 2021 10:32:53 GMT
2 < Vary: Accept-Encoding, User-Agent
{"name":"pravalika_topic","configs":{"compression.type":"producer","confluent.value.schema.validation":"false","leader.replication.throttled.replicas":"","confluent.key.subject.name.strategy":"io.confluent.kafka.serializers.subject.TopicNameStrategy","message.downconversion.enable":"true","min.insync.replicas":"1","segment.jitter.ms":"0","cleanup.policy":"delete","flush.ms":"9223372036854775807","confluent.tier.local.hotset.ms":"86400000","follower.replication.throttled.replicas":"","confluent.tier.local.hotset.bytes":"-1","confluent.value.subject.name.strategy":"io.confluent.kafka.serializers.subject.TopicNameStrategy","segment.bytes":"1073741824","retention.ms":"604800000","flush.messages":"9223372036854775807","confluent.tier.enable":"false","confluent.tier.segment.hotset.roll.min.bytes":"104857600","confluent.segment.speculative.prefetch.enable":"false","message.format.version":"2.6-IV0","max.compaction.lag.ms":"9223372036854775807","file.delete.delay.ms":"60000","max.message.bytes":"1048588","min.compaction.lag.ms":"0","message.timestamp.type":"CreateTime","preallocate":"false","confluent.placement.constraints":"","min.cleanable.dirty.ratio":"0.5","index.interval.bytes":"4096","unclean.leader.election.enable":"false","retention.bytes":"-1","delete.retention.ms":"86400000","confluent.prefer.tier.fetch.ms":"-1","confluent.key.schema.validation":"false","segment.ms":"604800000","message.timestamp.difference.max.ms":"9223372036854775807","segment.index.bytes":"10485760"},"partitions":[{"partition":0,"leader":0,"replicas":[{"broker":0,"leader":true,"in_sync":true}]}]}

16:02:53.140 [print] {
  "partitions": [
    {
      "leader": 0,
      "partition": 0,
      "replicas": [
        {
          "leader": true,
          "in_sync": true,
          "broker": 0
        }
      ]
    }
  ],
  "configs": {
    "compression.type": "producer",
    "confluent.value.schema.validation": "false",
    "leader.replication.throttled.replicas": "",
    "confluent.key.subject.name.strategy": "io.confluent.kafka.serializers.subject.TopicNameStrategy",
    "message.downconversion.enable": "true",
    "min.insync.replicas": "1",
    "segment.jitter.ms": "0",
    "cleanup.policy": "delete",
    "flush.ms": "9223372036854775807",
    "confluent.tier.local.hotset.ms": "86400000",
    "follower.replication.throttled.replicas": "",
    "confluent.tier.local.hotset.bytes": "-1",
    "confluent.value.subject.name.strategy": "io.confluent.kafka.serializers.subject.TopicNameStrategy",
    "segment.bytes": "1073741824",
    "retention.ms": "604800000",
    "flush.messages": "9223372036854775807",
    "confluent.tier.enable": "false",
    "confluent.tier.segment.hotset.roll.min.bytes": "104857600",
    "confluent.segment.speculative.prefetch.enable": "false",
    "message.format.version": "2.6-IV0",
    "max.compaction.lag.ms": "9223372036854775807",
    "file.delete.delay.ms": "60000",
    "max.message.bytes": "1048588",
    "min.compaction.lag.ms": "0",
    "message.timestamp.type": "CreateTime",
    "preallocate": "false",
    "confluent.placement.constraints": "",
    "min.cleanable.dirty.ratio": "0.5",
    "index.interval.bytes": "4096",
    "unclean.leader.election.enable": "false",
    "retention.bytes": "-1",
    "delete.retention.ms": "86400000",
    "confluent.prefer.tier.fetch.ms": "-1",
    "confluent.key.schema.validation": "false",
    "segment.ms": "604800000",
    "message.timestamp.difference.max.ms": "9223372036854775807",
    "segment.index.bytes": "10485760"
  },
  "name": "pravalika_topic"
}

16:02:53.140 after scenario inside config 
16:02:53.187 From karate-config file 
16:02:53.187 request:
1 > GET https://reqres.in/api/users%3Fpage=2
1 > Accept-Encoding: gzip,deflate
1 > Connection: Keep-Alive
1 > Host: reqres.in
1 > User-Agent: Apache-HttpClient/4.5.12 (Java/1.8.0_251)

16:02:53.343 response time in milliseconds: 161.82
1 < 200
1 < Access-Control-Allow-Origin: *
1 < Age: 7108
1 < CF-Cache-Status: HIT
1 < CF-RAY: 61cbf855cccb198c-SIN
1 < Cache-Control: max-age=14400
1 < Connection: keep-alive
1 < Content-Type: application/json; charset=utf-8
1 < Date: Fri, 05 Feb 2021 10:32:53 GMT
1 < Etag: W/"2c1-N6Rqerxquq2kgQhL51EiSg4x0R8"
1 < Expect-CT: max-age=604800, report-uri="https://report-uri.cloudflare.com/cdn-cgi/beacon/expect-ct"
1 < NEL: {"report_to":"cf-nel","max_age":604800}
1 < Report-To: {"group":"cf-nel","max_age":604800,"endpoints":[{"url":"https:\/\/a.nel.cloudflare.com\/report?s=sXYEOcpeI8c7zvV7i7w8bJCU1ZueyCGcoxAQGN6NKwlSX4x1cbL9pZgPq9bpPzAzbJKEhMHMiQnGmO3LEAtCIUm6oVms3Gk%2FmNs%3D"}]}
1 < Server: cloudflare
1 < Set-Cookie: __cfduid=d95fb23d3dfa0320690244615907d2fb71612521173; expires=Sun, 07-Mar-21 10:32:53 GMT; path=/; domain=.reqres.in; HttpOnly; SameSite=Lax; Secure
1 < Transfer-Encoding: chunked
1 < Vary: Accept-Encoding
1 < Via: 1.1 vegur
1 < X-Powered-By: Express
1 < cf-request-id: 08135989a20000198cf7822000000001
{"page":1,"per_page":6,"total":12,"total_pages":2,"data":[{"id":1,"name":"cerulean","year":2000,"color":"#98B2D1","pantone_value":"15-4020"},{"id":2,"name":"fuchsia rose","year":2001,"color":"#C74375","pantone_value":"17-2031"},{"id":3,"name":"true red","year":2002,"color":"#BF1932","pantone_value":"19-1664"},{"id":4,"name":"aqua sky","year":2003,"color":"#7BC4C4","pantone_value":"14-4811"},{"id":5,"name":"tigerlily","year":2004,"color":"#E2583E","pantone_value":"17-1456"},{"id":6,"name":"blue turquoise","year":2005,"color":"#53B0AE","pantone_value":"15-5217"}],"support":{"url":"https://reqres.in/#support-heading","text":"To keep ReqRes free, contributions towards server costs are appreciated!"}}

16:02:53.343 [print] {
  "per_page": 6,
  "total": 12,
  "data": [
    {
      "color": "#98B2D1",
      "year": 2000,
      "name": "cerulean",
      "id": 1,
      "pantone_value": "15-4020"
    },
    {
      "color": "#C74375",
      "year": 2001,
      "name": "fuchsia rose",
      "id": 2,
      "pantone_value": "17-2031"
    },
    {
      "color": "#BF1932",
      "year": 2002,
      "name": "true red",
      "id": 3,
      "pantone_value": "19-1664"
    },
    {
      "color": "#7BC4C4",
      "year": 2003,
      "name": "aqua sky",
      "id": 4,
      "pantone_value": "14-4811"
    },
    {
      "color": "#E2583E",
      "year": 2004,
      "name": "tigerlily",
      "id": 5,
      "pantone_value": "17-1456"
    },
    {
      "color": "#53B0AE",
      "year": 2005,
      "name": "blue turquoise",
      "id": 6,
      "pantone_value": "15-5217"
    }
  ],
  "page": 1,
  "total_pages": 2,
  "support": {
    "text": "To keep ReqRes free, contributions towards server costs are appreciated!",
    "url": "https://reqres.in/#support-heading"
  }
}

16:02:53.343 after scenario inside config 
